[rank: 0] Seed set to 1
Features:  256
Interactions:  6
Layers:  2
Max epochs:  500
Cutoff:  5.0
Processing Split  28
  0%|          | 0/8 [00:00<?, ?it/s] 12%|█▎        | 1/8 [00:01<00:11,  1.60s/it]100%|██████████| 8/8 [00:01<00:00,  4.86it/s]
/home/l/liming/PaiNN_env005/lib/python3.11/site-packages/pytorch_lightning/utilities/parsing.py:208: Attribute 'model' is an instance of `nn.Module` and is already saved during checkpointing. It is recommended to ignore them using `self.save_hyperparameters(ignore=['model'])`.
GPU available: True (cuda), used: True
TPU available: False, using: 0 TPU cores
HPU available: False, using: 0 HPUs
Loaded properties:
 _idx
 energy
 _n_atoms
 _atomic_numbers
 _positions
 _cell
 _pbc

energy:
 tensor([-0.2507], dtype=torch.float64)
Shape:
 torch.Size([1])
1.2064616148462486 1.4680496869367843
Mean predicted P:  1.1800875409755647  std:  1.4638436269718111
MAE test set:  0.06515481570879747
